Determining if the Q_WS_WIN exist failed with the following output:
Change Dir: /home/shreyashk/robocomp/components/mycomp/build/CMakeFiles/CMakeTmp

Run Build Command:"/usr/bin/make" "cmTC_6b949/fast"
/usr/bin/make -f CMakeFiles/cmTC_6b949.dir/build.make CMakeFiles/cmTC_6b949.dir/build
make[1]: Entering directory '/home/shreyashk/robocomp/components/mycomp/build/CMakeFiles/CMakeTmp'
Building CXX object CMakeFiles/cmTC_6b949.dir/CheckSymbolExists.cxx.o
/usr/bin/c++    -I/usr/include/qt4   -o CMakeFiles/cmTC_6b949.dir/CheckSymbolExists.cxx.o -c /home/shreyashk/robocomp/components/mycomp/build/CMakeFiles/CMakeTmp/CheckSymbolExists.cxx
/home/shreyashk/robocomp/components/mycomp/build/CMakeFiles/CMakeTmp/CheckSymbolExists.cxx: In function ‘int main(int, char**)’:
/home/shreyashk/robocomp/components/mycomp/build/CMakeFiles/CMakeTmp/CheckSymbolExists.cxx:8:19: error: ‘Q_WS_WIN’ was not declared in this scope
   return ((int*)(&Q_WS_WIN))[argc];
                   ^
CMakeFiles/cmTC_6b949.dir/build.make:65: recipe for target 'CMakeFiles/cmTC_6b949.dir/CheckSymbolExists.cxx.o' failed
make[1]: *** [CMakeFiles/cmTC_6b949.dir/CheckSymbolExists.cxx.o] Error 1
make[1]: Leaving directory '/home/shreyashk/robocomp/components/mycomp/build/CMakeFiles/CMakeTmp'
Makefile:126: recipe for target 'cmTC_6b949/fast' failed
make: *** [cmTC_6b949/fast] Error 2

File /home/shreyashk/robocomp/components/mycomp/build/CMakeFiles/CMakeTmp/CheckSymbolExists.cxx:
/* */
#include <QtCore/qglobal.h>

int main(int argc, char** argv)
{
  (void)argv;
#ifndef Q_WS_WIN
  return ((int*)(&Q_WS_WIN))[argc];
#else
  (void)argc;
  return 0;
#endif
}

Determining if the Q_WS_QWS exist failed with the following output:
Change Dir: /home/shreyashk/robocomp/components/mycomp/build/CMakeFiles/CMakeTmp

Run Build Command:"/usr/bin/make" "cmTC_c2bb7/fast"
/usr/bin/make -f CMakeFiles/cmTC_c2bb7.dir/build.make CMakeFiles/cmTC_c2bb7.dir/build
make[1]: Entering directory '/home/shreyashk/robocomp/components/mycomp/build/CMakeFiles/CMakeTmp'
Building CXX object CMakeFiles/cmTC_c2bb7.dir/CheckSymbolExists.cxx.o
/usr/bin/c++    -I/usr/include/qt4   -o CMakeFiles/cmTC_c2bb7.dir/CheckSymbolExists.cxx.o -c /home/shreyashk/robocomp/components/mycomp/build/CMakeFiles/CMakeTmp/CheckSymbolExists.cxx
/home/shreyashk/robocomp/components/mycomp/build/CMakeFiles/CMakeTmp/CheckSymbolExists.cxx: In function ‘int main(int, char**)’:
/home/shreyashk/robocomp/components/mycomp/build/CMakeFiles/CMakeTmp/CheckSymbolExists.cxx:8:19: error: ‘Q_WS_QWS’ was not declared in this scope
   return ((int*)(&Q_WS_QWS))[argc];
                   ^
CMakeFiles/cmTC_c2bb7.dir/build.make:65: recipe for target 'CMakeFiles/cmTC_c2bb7.dir/CheckSymbolExists.cxx.o' failed
make[1]: *** [CMakeFiles/cmTC_c2bb7.dir/CheckSymbolExists.cxx.o] Error 1
make[1]: Leaving directory '/home/shreyashk/robocomp/components/mycomp/build/CMakeFiles/CMakeTmp'
Makefile:126: recipe for target 'cmTC_c2bb7/fast' failed
make: *** [cmTC_c2bb7/fast] Error 2

File /home/shreyashk/robocomp/components/mycomp/build/CMakeFiles/CMakeTmp/CheckSymbolExists.cxx:
/* */
#include <QtCore/qglobal.h>

int main(int argc, char** argv)
{
  (void)argv;
#ifndef Q_WS_QWS
  return ((int*)(&Q_WS_QWS))[argc];
#else
  (void)argc;
  return 0;
#endif
}

Determining if the Q_WS_MAC exist failed with the following output:
Change Dir: /home/shreyashk/robocomp/components/mycomp/build/CMakeFiles/CMakeTmp

Run Build Command:"/usr/bin/make" "cmTC_198d5/fast"
/usr/bin/make -f CMakeFiles/cmTC_198d5.dir/build.make CMakeFiles/cmTC_198d5.dir/build
make[1]: Entering directory '/home/shreyashk/robocomp/components/mycomp/build/CMakeFiles/CMakeTmp'
Building CXX object CMakeFiles/cmTC_198d5.dir/CheckSymbolExists.cxx.o
/usr/bin/c++    -I/usr/include/qt4   -o CMakeFiles/cmTC_198d5.dir/CheckSymbolExists.cxx.o -c /home/shreyashk/robocomp/components/mycomp/build/CMakeFiles/CMakeTmp/CheckSymbolExists.cxx
/home/shreyashk/robocomp/components/mycomp/build/CMakeFiles/CMakeTmp/CheckSymbolExists.cxx: In function ‘int main(int, char**)’:
/home/shreyashk/robocomp/components/mycomp/build/CMakeFiles/CMakeTmp/CheckSymbolExists.cxx:8:19: error: ‘Q_WS_MAC’ was not declared in this scope
   return ((int*)(&Q_WS_MAC))[argc];
                   ^
CMakeFiles/cmTC_198d5.dir/build.make:65: recipe for target 'CMakeFiles/cmTC_198d5.dir/CheckSymbolExists.cxx.o' failed
make[1]: *** [CMakeFiles/cmTC_198d5.dir/CheckSymbolExists.cxx.o] Error 1
make[1]: Leaving directory '/home/shreyashk/robocomp/components/mycomp/build/CMakeFiles/CMakeTmp'
Makefile:126: recipe for target 'cmTC_198d5/fast' failed
make: *** [cmTC_198d5/fast] Error 2

File /home/shreyashk/robocomp/components/mycomp/build/CMakeFiles/CMakeTmp/CheckSymbolExists.cxx:
/* */
#include <QtCore/qglobal.h>

int main(int argc, char** argv)
{
  (void)argv;
#ifndef Q_WS_MAC
  return ((int*)(&Q_WS_MAC))[argc];
#else
  (void)argc;
  return 0;
#endif
}

